<?xml version="1.0" encoding="UTF-8"?>
<!-- Generated by org.testng.reporters.JUnitReportReporter -->
<testsuite skipped="0" hostname="LAPTOP-9142GOCP" name="com.example.demo.AadharAdmin" tests="2" failures="0" timestamp="2022-10-20T16:01:33 IST" time="44.890" errors="0">
  <testcase name="ChromeBrowser" time="20.651" classname="com.example.demo.AadharAdmin"/>
  <system-out/>
  <testcase name="TestHome" time="24.239" classname="com.example.demo.AadharAdmin"/>
  <system-out/>
</testsuite> <!-- com.example.demo.AadharAdmin -->
