<?xml version="1.0" encoding="UTF-8"?>
<!-- Generated by org.testng.reporters.JUnitReportReporter -->
<testsuite skipped="0" hostname="LAPTOP-9142GOCP" name="com.example.demo.AadharCitizen" tests="2" failures="0" timestamp="2022-10-20T15:58:30 IST" time="33.778" errors="0">
  <testcase name="ChromeBrowser" time="18.478" classname="com.example.demo.AadharCitizen"/>
  <system-out/>
  <testcase name="CitizenCheck" time="15.300" classname="com.example.demo.AadharCitizen"/>
  <system-out/>
</testsuite> <!-- com.example.demo.AadharCitizen -->
