<?xml version="1.0" encoding="UTF-8"?>
<!-- Generated by org.testng.reporters.JUnitReportReporter -->
<testsuite skipped="0" hostname="LAPTOP-9142GOCP" name="com.example.demo.AadharRegister" tests="2" failures="0" timestamp="2022-10-20T15:55:38 IST" time="49.686" errors="0">
  <testcase name="ChromeBrowser" time="20.443" classname="com.example.demo.AadharRegister"/>
  <system-out/>
  <testcase name="TestHome" time="29.243" classname="com.example.demo.AadharRegister"/>
  <system-out/>
</testsuite> <!-- com.example.demo.AadharRegister -->
